INFO   : datetime: 2024-11-14 15:45
INFO   : logging level: INFO
INFO   : Nazca Design version: 0.6.0
WARNING: Non-unique layer identifier used: 1. Matching layer_names for 1 are ['1/0/None', 'lay1']. Continuing here with layer_name = '1/0/None'.
WARNING: Non-unique layer identifier used: 1. Matching layer_names for 1 are ['1/0/None', 'lay1']. Continuing here with layer_name = '1/0/None'.
WARNING: Non-unique layer identifier used: 1. Matching layer_names for 1 are ['1/0/None', 'lay1']. Continuing here with layer_name = '1/0/None'.
WARNING: Non-unique layer identifier used: 1. Matching layer_names for 1 are ['1/0/None', 'lay1']. Continuing here with layer_name = '1/0/None'.
WARNING: Non-unique layer identifier used: 1. Matching layer_names for 1 are ['1/0/None', 'lay1']. Continuing here with layer_name = '1/0/None'.
WARNING: Non-unique layer identifier used: 1. Matching layer_names for 1 are ['1/0/None', 'lay1']. Continuing here with layer_name = '1/0/None'.
WARNING: Non-unique layer identifier used: 1. Matching layer_names for 1 are ['1/0/None', 'lay1']. Continuing here with layer_name = '1/0/None'.
WARNING: Non-unique layer identifier used: 1. Matching layer_names for 1 are ['1/0/None', 'lay1']. Continuing here with layer_name = '1/0/None'.
WARNING: Non-unique layer identifier used: 1. Matching layer_names for 1 are ['1/0/None', 'lay1']. Continuing here with layer_name = '1/0/None'.
WARNING: Non-unique layer identifier used: 1. Matching layer_names for 1 are ['1/0/None', 'lay1']. Continuing here with layer_name = '1/0/None'.
WARNING: Non-unique layer identifier used: 1. Matching layer_names for 1 are ['1/0/None', 'lay1']. Continuing here with layer_name = '1/0/None'.
WARNING: Non-unique layer identifier used: 1. Matching layer_names for 1 are ['1/0/None', 'lay1']. Continuing here with layer_name = '1/0/None'.
WARNING: Non-unique layer identifier used: 1. Matching layer_names for 1 are ['1/0/None', 'lay1']. Continuing here with layer_name = '1/0/None'.
WARNING: Non-unique layer identifier used: 1. Matching layer_names for 1 are ['1/0/None', 'lay1']. Continuing here with layer_name = '1/0/None'.
WARNING: Non-unique layer identifier used: 1. Matching layer_names for 1 are ['1/0/None', 'lay1']. Continuing here with layer_name = '1/0/None'.
WARNING: Non-unique layer identifier used: 1. Matching layer_names for 1 are ['1/0/None', 'lay1']. Continuing here with layer_name = '1/0/None'.
WARNING: Non-unique layer identifier used: 1. Matching layer_names for 1 are ['1/0/None', 'lay1']. Continuing here with layer_name = '1/0/None'.
WARNING: Non-unique layer identifier used: 1. Matching layer_names for 1 are ['1/0/None', 'lay1']. Continuing here with layer_name = '1/0/None'.
WARNING: Non-unique layer identifier used: 1. Matching layer_names for 1 are ['1/0/None', 'lay1']. Continuing here with layer_name = '1/0/None'.
WARNING: file/#:BeatNoteDesign_v0.1_Ankit.py/267: Duplicate cell name in nd.Cell(name='Markers') renamed to 'Markers_9'.
WARNING: file/#:BeatNoteDesign_v0.1_Ankit.py/267: Duplicate cell name in nd.Cell(name='Markers') renamed to 'Markers_10'.
WARNING: file/#:BeatNoteDesign_v0.1_Ankit.py/267: Duplicate cell name in nd.Cell(name='Markers') renamed to 'Markers_11'.
WARNING: file/#:BeatNoteDesign_v0.1_Ankit.py/183: Duplicate cell name in nd.Cell(name='Metal Corner') renamed to 'Metal Corner_18'.
WARNING: file/#:BeatNoteDesign_v0.1_Ankit.py/183: Duplicate cell name in nd.Cell(name='Metal Corner') renamed to 'Metal Corner_24'.
WARNING: file/#:BeatNoteDesign_v0.1_Ankit.py/183: Duplicate cell name in nd.Cell(name='Metal Corner') renamed to 'Metal Corner_30'.
WARNING: file/#:BeatNoteDesign_v0.1_Ankit.py/183: Duplicate cell name in nd.Cell(name='Metal Corner') renamed to 'Metal Corner_36'.
WARNING: file/#:BeatNoteDesign_v0.1_Ankit.py/183: Duplicate cell name in nd.Cell(name='Metal Corner') renamed to 'Metal Corner_42'.
WARNING: file/#:BeatNoteDesign_v0.1_Ankit.py/183: Duplicate cell name in nd.Cell(name='Metal Corner') renamed to 'Metal Corner_48'.
WARNING: file/#:BeatNoteDesign_v0.1_Ankit.py/196: Duplicate cell name in nd.Cell(name='Metal Corner Holes') renamed to 'Metal Corner Holes_60'.
WARNING: file/#:BeatNoteDesign_v0.1_Ankit.py/196: Duplicate cell name in nd.Cell(name='Metal Corner Holes') renamed to 'Metal Corner Holes_66'.
WARNING: file/#:BeatNoteDesign_v0.1_Ankit.py/196: Duplicate cell name in nd.Cell(name='Metal Corner Holes') renamed to 'Metal Corner Holes_72'.
WARNING: file/#:BeatNoteDesign_v0.1_Ankit.py/196: Duplicate cell name in nd.Cell(name='Metal Corner Holes') renamed to 'Metal Corner Holes_78'.
WARNING: file/#:BeatNoteDesign_v0.1_Ankit.py/196: Duplicate cell name in nd.Cell(name='Metal Corner Holes') renamed to 'Metal Corner Holes_84'.
WARNING: file/#:BeatNoteDesign_v0.1_Ankit.py/196: Duplicate cell name in nd.Cell(name='Metal Corner Holes') renamed to 'Metal Corner Holes_90'.
WARNING: file/#:BeatNoteDesign_v0.1_Ankit.py/204: Duplicate cell name in nd.Cell(name='Metal Corner') renamed to 'Metal Corner_96'.
WARNING: file/#:BeatNoteDesign_v0.1_Ankit.py/204: Duplicate cell name in nd.Cell(name='Metal Corner') renamed to 'Metal Corner_102'.
WARNING: file/#:BeatNoteDesign_v0.1_Ankit.py/204: Duplicate cell name in nd.Cell(name='Metal Corner') renamed to 'Metal Corner_108'.
WARNING: file/#:BeatNoteDesign_v0.1_Ankit.py/204: Duplicate cell name in nd.Cell(name='Metal Corner') renamed to 'Metal Corner_114'.
WARNING: file/#:BeatNoteDesign_v0.1_Ankit.py/204: Duplicate cell name in nd.Cell(name='Metal Corner') renamed to 'Metal Corner_120'.
WARNING: file/#:BeatNoteDesign_v0.1_Ankit.py/204: Duplicate cell name in nd.Cell(name='Metal Corner') renamed to 'Metal Corner_126'.
WARNING: file/#:BeatNoteDesign_v0.1_Ankit.py/222: Duplicate cell name in nd.Cell(name='Metal Corner Holes') renamed to 'Metal Corner Holes_132'.
WARNING: file/#:BeatNoteDesign_v0.1_Ankit.py/222: Duplicate cell name in nd.Cell(name='Metal Corner Holes') renamed to 'Metal Corner Holes_138'.
WARNING: file/#:BeatNoteDesign_v0.1_Ankit.py/222: Duplicate cell name in nd.Cell(name='Metal Corner Holes') renamed to 'Metal Corner Holes_144'.
WARNING: file/#:BeatNoteDesign_v0.1_Ankit.py/222: Duplicate cell name in nd.Cell(name='Metal Corner Holes') renamed to 'Metal Corner Holes_150'.
WARNING: file/#:BeatNoteDesign_v0.1_Ankit.py/222: Duplicate cell name in nd.Cell(name='Metal Corner Holes') renamed to 'Metal Corner Holes_156'.
WARNING: file/#:BeatNoteDesign_v0.1_Ankit.py/222: Duplicate cell name in nd.Cell(name='Metal Corner Holes') renamed to 'Metal Corner Holes_162'.
WARNING: file/#:BeatNoteDesign_v0.1_Ankit.py/222: Duplicate cell name in nd.Cell(name='Metal Corner Holes') renamed to 'Metal Corner Holes_168'.
WARNING: file/#:BeatNoteDesign_v0.1_Ankit.py/253: Duplicate cell name in nd.Cell(name='Metal Corner Holes') renamed to 'Metal Corner Holes_174'.
WARNING: file/#:BeatNoteDesign_v0.1_Ankit.py/235: Duplicate cell name in nd.Cell(name='Metal Corner') renamed to 'Metal Corner_177'.
WARNING: file/#:BeatNoteDesign_v0.1_Ankit.py/253: Duplicate cell name in nd.Cell(name='Metal Corner Holes') renamed to 'Metal Corner Holes_180'.
WARNING: file/#:BeatNoteDesign_v0.1_Ankit.py/235: Duplicate cell name in nd.Cell(name='Metal Corner') renamed to 'Metal Corner_183'.
WARNING: file/#:BeatNoteDesign_v0.1_Ankit.py/253: Duplicate cell name in nd.Cell(name='Metal Corner Holes') renamed to 'Metal Corner Holes_186'.
WARNING: file/#:BeatNoteDesign_v0.1_Ankit.py/235: Duplicate cell name in nd.Cell(name='Metal Corner') renamed to 'Metal Corner_189'.
WARNING: file/#:BeatNoteDesign_v0.1_Ankit.py/253: Duplicate cell name in nd.Cell(name='Metal Corner Holes') renamed to 'Metal Corner Holes_192'.
WARNING: file/#:BeatNoteDesign_v0.1_Ankit.py/235: Duplicate cell name in nd.Cell(name='Metal Corner') renamed to 'Metal Corner_195'.
WARNING: file/#:BeatNoteDesign_v0.1_Ankit.py/253: Duplicate cell name in nd.Cell(name='Metal Corner Holes') renamed to 'Metal Corner Holes_198'.
WARNING: file/#:BeatNoteDesign_v0.1_Ankit.py/235: Duplicate cell name in nd.Cell(name='Metal Corner') renamed to 'Metal Corner_201'.
WARNING: file/#:BeatNoteDesign_v0.1_Ankit.py/253: Duplicate cell name in nd.Cell(name='Metal Corner Holes') renamed to 'Metal Corner Holes_204'.
WARNING: file/#:BeatNoteDesign_v0.1_Ankit.py/235: Duplicate cell name in nd.Cell(name='Metal Corner') renamed to 'Metal Corner_207'.
WARNING: file/#:BeatNoteDesign_v0.1_Ankit.py/253: Duplicate cell name in nd.Cell(name='Metal Corner Holes') renamed to 'Metal Corner Holes_210'.
WARNING: file/#:BeatNoteDesign_v0.1_Ankit.py/235: Duplicate cell name in nd.Cell(name='Metal Corner') renamed to 'Metal Corner_213'.
WARNING: file/#:BeatNoteDesign_v0.1_Ankit.py/253: Duplicate cell name in nd.Cell(name='Metal Corner Holes') renamed to 'Metal Corner Holes_216'.
WARNING: file/#:BeatNoteDesign_v0.1_Ankit.py/235: Duplicate cell name in nd.Cell(name='Metal Corner') renamed to 'Metal Corner_219'.
WARNING: file/#:BeatNoteDesign_v0.1_Ankit.py/253: Duplicate cell name in nd.Cell(name='Metal Corner Holes') renamed to 'Metal Corner Holes_222'.
WARNING: file/#:BeatNoteDesign_v0.1_Ankit.py/235: Duplicate cell name in nd.Cell(name='Metal Corner') renamed to 'Metal Corner_225'.
WARNING: file/#:BeatNoteDesign_v0.1_Ankit.py/253: Duplicate cell name in nd.Cell(name='Metal Corner Holes') renamed to 'Metal Corner Holes_228'.
WARNING: file/#:BeatNoteDesign_v0.1_Ankit.py/235: Duplicate cell name in nd.Cell(name='Metal Corner') renamed to 'Metal Corner_231'.
WARNING: file/#:BeatNoteDesign_v0.1_Ankit.py/253: Duplicate cell name in nd.Cell(name='Metal Corner Holes') renamed to 'Metal Corner Holes_234'.
WARNING: file/#:BeatNoteDesign_v0.1_Ankit.py/235: Duplicate cell name in nd.Cell(name='Metal Corner') renamed to 'Metal Corner_237'.
WARNING: file/#:BeatNoteDesign_v0.1_Ankit.py/253: Duplicate cell name in nd.Cell(name='Metal Corner Holes') renamed to 'Metal Corner Holes_240'.
WARNING: file/#:BeatNoteDesign_v0.1_Ankit.py/235: Duplicate cell name in nd.Cell(name='Metal Corner') renamed to 'Metal Corner_243'.
WARNING: file/#:BeatNoteDesign_v0.1_Ankit.py/253: Duplicate cell name in nd.Cell(name='Metal Corner Holes') renamed to 'Metal Corner Holes_246'.
WARNING: file/#:BeatNoteDesign_v0.1_Ankit.py/235: Duplicate cell name in nd.Cell(name='Metal Corner') renamed to 'Metal Corner_249'.
WARNING: file/#:BeatNoteDesign_v0.1_Ankit.py/253: Duplicate cell name in nd.Cell(name='Metal Corner Holes') renamed to 'Metal Corner Holes_252'.
WARNING: file/#:BeatNoteDesign_v0.1_Ankit.py/235: Duplicate cell name in nd.Cell(name='Metal Corner') renamed to 'Metal Corner_255'.
WARNING: file/#:BeatNoteDesign_v0.1_Ankit.py/253: Duplicate cell name in nd.Cell(name='Metal Corner Holes') renamed to 'Metal Corner Holes_258'.
WARNING: file/#:BeatNoteDesign_v0.1_Ankit.py/235: Duplicate cell name in nd.Cell(name='Metal Corner') renamed to 'Metal Corner_261'.
WARNING: file/#:BeatNoteDesign_v0.1_Ankit.py/253: Duplicate cell name in nd.Cell(name='Metal Corner Holes') renamed to 'Metal Corner Holes_264'.
WARNING: file/#:BeatNoteDesign_v0.1_Ankit.py/235: Duplicate cell name in nd.Cell(name='Metal Corner') renamed to 'Metal Corner_267'.
WARNING: file/#:BeatNoteDesign_v0.1_Ankit.py/253: Duplicate cell name in nd.Cell(name='Metal Corner Holes') renamed to 'Metal Corner Holes_270'.
WARNING: file/#:BeatNoteDesign_v0.1_Ankit.py/235: Duplicate cell name in nd.Cell(name='Metal Corner') renamed to 'Metal Corner_273'.
WARNING: file/#:BeatNoteDesign_v0.1_Ankit.py/253: Duplicate cell name in nd.Cell(name='Metal Corner Holes') renamed to 'Metal Corner Holes_276'.
WARNING: file/#:BeatNoteDesign_v0.1_Ankit.py/235: Duplicate cell name in nd.Cell(name='Metal Corner') renamed to 'Metal Corner_279'.
WARNING: file/#:BeatNoteDesign_v0.1_Ankit.py/253: Duplicate cell name in nd.Cell(name='Metal Corner Holes') renamed to 'Metal Corner Holes_282'.
WARNING: file/#:BeatNoteDesign_v0.1_Ankit.py/235: Duplicate cell name in nd.Cell(name='Metal Corner') renamed to 'Metal Corner_285'.
WARNING: file/#:BeatNoteDesign_v0.1_Ankit.py/253: Duplicate cell name in nd.Cell(name='Metal Corner Holes') renamed to 'Metal Corner Holes_288'.
WARNING: file/#:BeatNoteDesign_v0.1_Ankit.py/235: Duplicate cell name in nd.Cell(name='Metal Corner') renamed to 'Metal Corner_291'.
WARNING: file/#:BeatNoteDesign_v0.1_Ankit.py/253: Duplicate cell name in nd.Cell(name='Metal Corner Holes') renamed to 'Metal Corner Holes_294'.
WARNING: file/#:BeatNoteDesign_v0.1_Ankit.py/235: Duplicate cell name in nd.Cell(name='Metal Corner') renamed to 'Metal Corner_297'.
WARNING: file/#:BeatNoteDesign_v0.1_Ankit.py/253: Duplicate cell name in nd.Cell(name='Metal Corner Holes') renamed to 'Metal Corner Holes_300'.
WARNING: file/#:BeatNoteDesign_v0.1_Ankit.py/235: Duplicate cell name in nd.Cell(name='Metal Corner') renamed to 'Metal Corner_303'.
WARNING: file/#:BeatNoteDesign_v0.1_Ankit.py/253: Duplicate cell name in nd.Cell(name='Metal Corner Holes') renamed to 'Metal Corner Holes_306'.
WARNING: file/#:BeatNoteDesign_v0.1_Ankit.py/235: Duplicate cell name in nd.Cell(name='Metal Corner') renamed to 'Metal Corner_309'.
WARNING: file/#:BeatNoteDesign_v0.1_Ankit.py/253: Duplicate cell name in nd.Cell(name='Metal Corner Holes') renamed to 'Metal Corner Holes_312'.
WARNING: file/#:BeatNoteDesign_v0.1_Ankit.py/235: Duplicate cell name in nd.Cell(name='Metal Corner') renamed to 'Metal Corner_315'.
WARNING: file/#:BeatNoteDesign_v0.1_Ankit.py/253: Duplicate cell name in nd.Cell(name='Metal Corner Holes') renamed to 'Metal Corner Holes_318'.
WARNING: file/#:BeatNoteDesign_v0.1_Ankit.py/235: Duplicate cell name in nd.Cell(name='Metal Corner') renamed to 'Metal Corner_321'.
WARNING: file/#:BeatNoteDesign_v0.1_Ankit.py/253: Duplicate cell name in nd.Cell(name='Metal Corner Holes') renamed to 'Metal Corner Holes_324'.
WARNING: file/#:BeatNoteDesign_v0.1_Ankit.py/235: Duplicate cell name in nd.Cell(name='Metal Corner') renamed to 'Metal Corner_327'.
WARNING: file/#:BeatNoteDesign_v0.1_Ankit.py/253: Duplicate cell name in nd.Cell(name='Metal Corner Holes') renamed to 'Metal Corner Holes_330'.
WARNING: file/#:BeatNoteDesign_v0.1_Ankit.py/235: Duplicate cell name in nd.Cell(name='Metal Corner') renamed to 'Metal Corner_333'.
WARNING: file/#:BeatNoteDesign_v0.1_Ankit.py/253: Duplicate cell name in nd.Cell(name='Metal Corner Holes') renamed to 'Metal Corner Holes_336'.
WARNING: file/#:BeatNoteDesign_v0.1_Ankit.py/235: Duplicate cell name in nd.Cell(name='Metal Corner') renamed to 'Metal Corner_339'.
WARNING: file/#:BeatNoteDesign_v0.1_Ankit.py/253: Duplicate cell name in nd.Cell(name='Metal Corner Holes') renamed to 'Metal Corner Holes_342'.
WARNING: file/#:BeatNoteDesign_v0.1_Ankit.py/235: Duplicate cell name in nd.Cell(name='Metal Corner') renamed to 'Metal Corner_345'.
WARNING: file/#:BeatNoteDesign_v0.1_Ankit.py/253: Duplicate cell name in nd.Cell(name='Metal Corner Holes') renamed to 'Metal Corner Holes_348'.
WARNING: file/#:BeatNoteDesign_v0.1_Ankit.py/235: Duplicate cell name in nd.Cell(name='Metal Corner') renamed to 'Metal Corner_351'.
WARNING: file/#:BeatNoteDesign_v0.1_Ankit.py/253: Duplicate cell name in nd.Cell(name='Metal Corner Holes') renamed to 'Metal Corner Holes_354'.
WARNING: file/#:BeatNoteDesign_v0.1_Ankit.py/235: Duplicate cell name in nd.Cell(name='Metal Corner') renamed to 'Metal Corner_357'.
WARNING: file/#:BeatNoteDesign_v0.1_Ankit.py/253: Duplicate cell name in nd.Cell(name='Metal Corner Holes') renamed to 'Metal Corner Holes_360'.
WARNING: file/#:BeatNoteDesign_v0.1_Ankit.py/235: Duplicate cell name in nd.Cell(name='Metal Corner') renamed to 'Metal Corner_363'.
WARNING: file/#:BeatNoteDesign_v0.1_Ankit.py/253: Duplicate cell name in nd.Cell(name='Metal Corner Holes') renamed to 'Metal Corner Holes_366'.
WARNING: file/#:BeatNoteDesign_v0.1_Ankit.py/235: Duplicate cell name in nd.Cell(name='Metal Corner') renamed to 'Metal Corner_369'.
WARNING: file/#:BeatNoteDesign_v0.1_Ankit.py/253: Duplicate cell name in nd.Cell(name='Metal Corner Holes') renamed to 'Metal Corner Holes_372'.
WARNING: file/#:BeatNoteDesign_v0.1_Ankit.py/235: Duplicate cell name in nd.Cell(name='Metal Corner') renamed to 'Metal Corner_375'.
WARNING: file/#:BeatNoteDesign_v0.1_Ankit.py/253: Duplicate cell name in nd.Cell(name='Metal Corner Holes') renamed to 'Metal Corner Holes_378'.
WARNING: file/#:BeatNoteDesign_v0.1_Ankit.py/235: Duplicate cell name in nd.Cell(name='Metal Corner') renamed to 'Metal Corner_381'.
WARNING: file/#:BeatNoteDesign_v0.1_Ankit.py/253: Duplicate cell name in nd.Cell(name='Metal Corner Holes') renamed to 'Metal Corner Holes_384'.
WARNING: file/#:BeatNoteDesign_v0.1_Ankit.py/235: Duplicate cell name in nd.Cell(name='Metal Corner') renamed to 'Metal Corner_387'.
WARNING: file/#:BeatNoteDesign_v0.1_Ankit.py/253: Duplicate cell name in nd.Cell(name='Metal Corner Holes') renamed to 'Metal Corner Holes_390'.
WARNING: file/#:BeatNoteDesign_v0.1_Ankit.py/235: Duplicate cell name in nd.Cell(name='Metal Corner') renamed to 'Metal Corner_393'.
WARNING: file/#:BeatNoteDesign_v0.1_Ankit.py/253: Duplicate cell name in nd.Cell(name='Metal Corner Holes') renamed to 'Metal Corner Holes_396'.
WARNING: file/#:BeatNoteDesign_v0.1_Ankit.py/235: Duplicate cell name in nd.Cell(name='Metal Corner') renamed to 'Metal Corner_399'.
WARNING: file/#:BeatNoteDesign_v0.1_Ankit.py/253: Duplicate cell name in nd.Cell(name='Metal Corner Holes') renamed to 'Metal Corner Holes_402'.
WARNING: file/#:BeatNoteDesign_v0.1_Ankit.py/235: Duplicate cell name in nd.Cell(name='Metal Corner') renamed to 'Metal Corner_405'.
WARNING: file/#:BeatNoteDesign_v0.1_Ankit.py/253: Duplicate cell name in nd.Cell(name='Metal Corner Holes') renamed to 'Metal Corner Holes_408'.
WARNING: file/#:BeatNoteDesign_v0.1_Ankit.py/235: Duplicate cell name in nd.Cell(name='Metal Corner') renamed to 'Metal Corner_411'.
WARNING: file/#:BeatNoteDesign_v0.1_Ankit.py/253: Duplicate cell name in nd.Cell(name='Metal Corner Holes') renamed to 'Metal Corner Holes_414'.
WARNING: file/#:BeatNoteDesign_v0.1_Ankit.py/235: Duplicate cell name in nd.Cell(name='Metal Corner') renamed to 'Metal Corner_417'.
WARNING: file/#:BeatNoteDesign_v0.1_Ankit.py/253: Duplicate cell name in nd.Cell(name='Metal Corner Holes') renamed to 'Metal Corner Holes_420'.
WARNING: file/#:BeatNoteDesign_v0.1_Ankit.py/235: Duplicate cell name in nd.Cell(name='Metal Corner') renamed to 'Metal Corner_423'.
WARNING: file/#:BeatNoteDesign_v0.1_Ankit.py/253: Duplicate cell name in nd.Cell(name='Metal Corner Holes') renamed to 'Metal Corner Holes_426'.
WARNING: file/#:BeatNoteDesign_v0.1_Ankit.py/235: Duplicate cell name in nd.Cell(name='Metal Corner') renamed to 'Metal Corner_429'.
WARNING: file/#:BeatNoteDesign_v0.1_Ankit.py/253: Duplicate cell name in nd.Cell(name='Metal Corner Holes') renamed to 'Metal Corner Holes_432'.
WARNING: file/#:BeatNoteDesign_v0.1_Ankit.py/235: Duplicate cell name in nd.Cell(name='Metal Corner') renamed to 'Metal Corner_435'.
WARNING: file/#:BeatNoteDesign_v0.1_Ankit.py/253: Duplicate cell name in nd.Cell(name='Metal Corner Holes') renamed to 'Metal Corner Holes_438'.
WARNING: file/#:BeatNoteDesign_v0.1_Ankit.py/235: Duplicate cell name in nd.Cell(name='Metal Corner') renamed to 'Metal Corner_441'.
WARNING: file/#:BeatNoteDesign_v0.1_Ankit.py/253: Duplicate cell name in nd.Cell(name='Metal Corner Holes') renamed to 'Metal Corner Holes_444'.
WARNING: file/#:BeatNoteDesign_v0.1_Ankit.py/235: Duplicate cell name in nd.Cell(name='Metal Corner') renamed to 'Metal Corner_447'.
WARNING: file/#:BeatNoteDesign_v0.1_Ankit.py/253: Duplicate cell name in nd.Cell(name='Metal Corner Holes') renamed to 'Metal Corner Holes_450'.
WARNING: file/#:BeatNoteDesign_v0.1_Ankit.py/235: Duplicate cell name in nd.Cell(name='Metal Corner') renamed to 'Metal Corner_453'.
WARNING: file/#:BeatNoteDesign_v0.1_Ankit.py/253: Duplicate cell name in nd.Cell(name='Metal Corner Holes') renamed to 'Metal Corner Holes_456'.
WARNING: file/#:BeatNoteDesign_v0.1_Ankit.py/235: Duplicate cell name in nd.Cell(name='Metal Corner') renamed to 'Metal Corner_459'.
